<?xml version="1.0" encoding="UTF-8" ?>
<testsuite failures="0" time="0.052" errors="0" skipped="0" tests="8" name="org.typo3.solr.search.AccessFilterWithAccessRootlineTest">
  <properties>
[...]
</properties>
  <testcase time="0.013" classname="org.typo3.solr.search.AccessFilterWithAccessRootlineTest" name="testAccessFilterFindsOnlyPublicDocumentsWhenNotLoggedIn"/>
  <testcase time="0.004" classname="org.typo3.solr.search.AccessFilterWithAccessRootlineTest" name="testAccessFilterFindsDocumentsAllowedForGroup1"/>
  <testcase time="0.004" classname="org.typo3.solr.search.AccessFilterWithAccessRootlineTest" name="testAccessFilterFiltersDocumentsWithInsufficientAccess"/>
  <testcase time="0.004" classname="org.typo3.solr.search.AccessFilterWithAccessRootlineTest" name="testAccessFilterFindsDocumentsAllowedForGroup1And2"/>
  <testcase time="0.004" classname="org.typo3.solr.search.AccessFilterWithAccessRootlineTest" name="testAccessFilterFindsDocumentsAllowedForGroup1And3"/>
  <testcase time="0.004" classname="org.typo3.solr.search.AccessFilterWithAccessRootlineTest" name="testAccessFilterFindsDocumentsRequiringAccessForGroup1And2And3"/>
  <testcase time="0.007" classname="org.typo3.solr.search.AccessFilterWithAccessRootlineTest" name="testAccessFilterFindsRecordDocumentsRequiringAccessForAtLeastGroup1"/>
  <testcase time="0.006" classname="org.typo3.solr.search.AccessFilterWithAccessRootlineTest" name="testAccessFilterFindsOnlyPublicRecordDocumentsWhenNotLoggedIn"/>
</testsuite>