<?xml version="1.0" encoding="UTF-8" ?>
<testsuite failures="0" time="0.068" errors="0" skipped="0" tests="3" name="org.typo3.common.lang.StringUtilsTest">
  <properties>
[...]
</properties>
  <testcase time="0.012" classname="org.typo3.common.lang.StringUtilsTest" name="testImplodeCorrectlyImplodesCollections"/>
  <testcase time="0.001" classname="org.typo3.common.lang.StringUtilsTest" name="testExplodeCorrectlyExplodesStringsToStringArrays"/>
  <testcase time="0.001" classname="org.typo3.common.lang.StringUtilsTest" name="testCommaSeparatedListToIntegerHashSetCreatesCorrectHashSets"/>
</testsuite>